Flow report for FinalProject
Sat Nov 19 15:55:04 2022
Quartus Prime Version 21.1.1 Build 850 06/23/2022 SJ Standard Edition


---------------------
; Table of Contents ;
---------------------
  1. Legal Notice
  2. Flow Summary
  3. Flow Settings
  4. Flow Non-Default Global Settings
  5. Flow Elapsed Time
  6. Flow OS Summary
  7. Flow Log
  8. Flow Messages
  9. Flow Suppressed Messages



----------------
; Legal Notice ;
----------------
Copyright (C) 2022  Intel Corporation. All rights reserved.
Your use of Intel Corporation's design tools, logic functions 
and other software and tools, and any partner logic 
functions, and any output files from any of the foregoing 
(including device programming or simulation files), and any 
associated documentation or information are expressly subject 
to the terms and conditions of the Intel Program License 
Subscription Agreement, the Intel Quartus Prime License Agreement,
the Intel FPGA IP License Agreement, or other applicable license
agreement, including, without limitation, that your use is for
the sole purpose of programming logic devices manufactured by
Intel and sold by Intel or its authorized distributors.  Please
refer to the applicable agreement for further details, at
https://fpgasoftware.intel.com/eula.



+--------------------------------------------------------------------------------------+
; Flow Summary                                                                         ;
+------------------------------------+-------------------------------------------------+
; Flow Status                        ; Successful - Sat Nov 19 15:55:00 2022           ;
; Quartus Prime Version              ; 21.1.1 Build 850 06/23/2022 SJ Standard Edition ;
; Revision Name                      ; FinalProject                                    ;
; Top-level Entity Name              ; studentCounter                                  ;
; Family                             ; Cyclone IV E                                    ;
; Device                             ; EP4CE115F29C7                                   ;
; Timing Models                      ; Final                                           ;
; Total logic elements               ; 37 / 114,480 ( < 1 % )                          ;
;     Total combinational functions  ; 37 / 114,480 ( < 1 % )                          ;
;     Dedicated logic registers      ; 6 / 114,480 ( < 1 % )                           ;
; Total registers                    ; 6                                               ;
; Total pins                         ; 16 / 529 ( 3 % )                                ;
; Total virtual pins                 ; 0                                               ;
; Total memory bits                  ; 0 / 3,981,312 ( 0 % )                           ;
; Embedded Multiplier 9-bit elements ; 0 / 532 ( 0 % )                                 ;
; Total PLLs                         ; 0 / 4 ( 0 % )                                   ;
+------------------------------------+-------------------------------------------------+


+-----------------------------------------+
; Flow Settings                           ;
+-------------------+---------------------+
; Option            ; Setting             ;
+-------------------+---------------------+
; Start date & time ; 11/19/2022 15:54:32 ;
; Main task         ; Compilation         ;
; Revision Name     ; FinalProject        ;
+-------------------+---------------------+


+----------------------------------------------------------------------------------------------------------------------------+
; Flow Non-Default Global Settings                                                                                           ;
+-------------------------------------+----------------------------------------+---------------+----------------+------------+
; Assignment Name                     ; Value                                  ; Default Value ; Entity Name    ; Section Id ;
+-------------------------------------+----------------------------------------+---------------+----------------+------------+
; COMPILER_SIGNATURE_ID               ; 251053326337368.166889487201844        ; --            ; --             ; --         ;
; MAX_CORE_JUNCTION_TEMP              ; 85                                     ; --            ; --             ; --         ;
; MIN_CORE_JUNCTION_TEMP              ; 0                                      ; --            ; --             ; --         ;
; NOMINAL_CORE_SUPPLY_VOLTAGE         ; 1.2V                                   ; --            ; --             ; --         ;
; PARTITION_COLOR                     ; -- (Not supported for targeted family) ; --            ; studentCounter ; Top        ;
; PARTITION_FITTER_PRESERVATION_LEVEL ; -- (Not supported for targeted family) ; --            ; studentCounter ; Top        ;
; PARTITION_NETLIST_TYPE              ; -- (Not supported for targeted family) ; --            ; studentCounter ; Top        ;
; POWER_BOARD_THERMAL_MODEL           ; None (CONSERVATIVE)                    ; --            ; --             ; --         ;
; POWER_PRESET_COOLING_SOLUTION       ; 23 MM HEAT SINK WITH 200 LFPM AIRFLOW  ; --            ; --             ; --         ;
; PROJECT_OUTPUT_DIRECTORY            ; output_files                           ; --            ; --             ; --         ;
; TOP_LEVEL_ENTITY                    ; studentCounter                         ; FinalProject  ; --             ; --         ;
+-------------------------------------+----------------------------------------+---------------+----------------+------------+


+--------------------------------------------------------------------------------------------------------------------------+
; Flow Elapsed Time                                                                                                        ;
+----------------------+--------------+-------------------------+---------------------+------------------------------------+
; Module Name          ; Elapsed Time ; Average Processors Used ; Peak Virtual Memory ; Total CPU Time (on all processors) ;
+----------------------+--------------+-------------------------+---------------------+------------------------------------+
; Analysis & Synthesis ; 00:00:08     ; 1.0                     ; 4776 MB             ; 00:00:14                           ;
; Fitter               ; 00:00:11     ; 1.0                     ; 5762 MB             ; 00:00:13                           ;
; Assembler            ; 00:00:04     ; 1.0                     ; 4716 MB             ; 00:00:02                           ;
; Timing Analyzer      ; 00:00:03     ; 1.0                     ; 4857 MB             ; 00:00:02                           ;
; Total                ; 00:00:26     ; --                      ; --                  ; 00:00:31                           ;
+----------------------+--------------+-------------------------+---------------------+------------------------------------+


+------------------------------------------------------------------------------------+
; Flow OS Summary                                                                    ;
+----------------------+------------------+------------+------------+----------------+
; Module Name          ; Machine Hostname ; OS Name    ; OS Version ; Processor type ;
+----------------------+------------------+------------+------------+----------------+
; Analysis & Synthesis ; CO1318-21        ; Windows 10 ; 10.0       ; x86_64         ;
; Fitter               ; CO1318-21        ; Windows 10 ; 10.0       ; x86_64         ;
; Assembler            ; CO1318-21        ; Windows 10 ; 10.0       ; x86_64         ;
; Timing Analyzer      ; CO1318-21        ; Windows 10 ; 10.0       ; x86_64         ;
+----------------------+------------------+------------+------------+----------------+


------------
; Flow Log ;
------------
quartus_map --read_settings_files=on --write_settings_files=off FinalProject -c FinalProject
quartus_fit --read_settings_files=off --write_settings_files=off FinalProject -c FinalProject
quartus_asm --read_settings_files=off --write_settings_files=off FinalProject -c FinalProject
quartus_sta FinalProject -c FinalProject



